{"numTotalTestSuites":2,"numPassedTestSuites":0,"numFailedTestSuites":2,"numPendingTestSuites":0,"numTotalTests":4,"numPassedTests":0,"numFailedTests":4,"numPendingTests":0,"numTodoTests":0,"snapshot":{"added":0,"failure":false,"filesAdded":0,"filesRemoved":0,"filesRemovedList":[],"filesUnmatched":0,"filesUpdated":0,"matched":0,"total":0,"unchecked":0,"uncheckedKeysByFile":[],"unmatched":0,"updated":0,"didUpdate":false},"startTime":1774368268246,"success":false,"testResults":[{"assertionResults":[{"ancestorTitles":["SettingsTheme (D10) — theme cycle"],"fullName":"SettingsTheme (D10) — theme cycle renders Light and Dark theme buttons","status":"failed","title":"renders Light and Dark theme buttons","duration":60.992500000000064,"failureMessages":["Error: Element type is invalid: expected a string (for built-in components) or a class/function (for composite components) but got: undefined. You likely forgot to export your component from the file it's defined in, or you might have mixed up default and named imports.\n\nCheck the render method of `ThemeIcon`.\n    at createFiberFromTypeAndProps (M:\\Repo\\wiseresume-74945019\\wiseresume-74945019\\node_modules\\react-dom\\cjs\\react-dom.development.js:28478:17)\n    at createFiberFromElement (M:\\Repo\\wiseresume-74945019\\wiseresume-74945019\\node_modules\\react-dom\\cjs\\react-dom.development.js:28504:15)\n    at reconcileSingleElement (M:\\Repo\\wiseresume-74945019\\wiseresume-74945019\\node_modules\\react-dom\\cjs\\react-dom.development.js:13986:23)\n    at reconcileChildFibers (M:\\Repo\\wiseresume-74945019\\wiseresume-74945019\\node_modules\\react-dom\\cjs\\react-dom.development.js:14044:35)\n    at reconcileChildren (M:\\Repo\\wiseresume-74945019\\wiseresume-74945019\\node_modules\\react-dom\\cjs\\react-dom.development.js:19186:28)\n    at mountIndeterminateComponent (M:\\Repo\\wiseresume-74945019\\wiseresume-74945019\\node_modules\\react-dom\\cjs\\react-dom.development.js:20186:5)\n    at beginWork (M:\\Repo\\wiseresume-74945019\\wiseresume-74945019\\node_modules\\react-dom\\cjs\\react-dom.development.js:21626:16)\n    at beginWork$1 (M:\\Repo\\wiseresume-74945019\\wiseresume-74945019\\node_modules\\react-dom\\cjs\\react-dom.development.js:27465:14)\n    at performUnitOfWork (M:\\Repo\\wiseresume-74945019\\wiseresume-74945019\\node_modules\\react-dom\\cjs\\react-dom.development.js:26599:12)\n    at workLoopSync (M:\\Repo\\wiseresume-74945019\\wiseresume-74945019\\node_modules\\react-dom\\cjs\\react-dom.development.js:26505:5)"],"meta":{}},{"ancestorTitles":["SettingsTheme (D10) — theme cycle"],"fullName":"SettingsTheme (D10) — theme cycle calls setTheme('dark') when Dark button is clicked","status":"failed","title":"calls setTheme('dark') when Dark button is clicked","duration":13.80840000000012,"failureMessages":["Error: Element type is invalid: expected a string (for built-in components) or a class/function (for composite components) but got: undefined. You likely forgot to export your component from the file it's defined in, or you might have mixed up default and named imports.\n\nCheck the render method of `ThemeIcon`.\n    at createFiberFromTypeAndProps (M:\\Repo\\wiseresume-74945019\\wiseresume-74945019\\node_modules\\react-dom\\cjs\\react-dom.development.js:28478:17)\n    at createFiberFromElement (M:\\Repo\\wiseresume-74945019\\wiseresume-74945019\\node_modules\\react-dom\\cjs\\react-dom.development.js:28504:15)\n    at reconcileSingleElement (M:\\Repo\\wiseresume-74945019\\wiseresume-74945019\\node_modules\\react-dom\\cjs\\react-dom.development.js:13986:23)\n    at reconcileChildFibers (M:\\Repo\\wiseresume-74945019\\wiseresume-74945019\\node_modules\\react-dom\\cjs\\react-dom.development.js:14044:35)\n    at reconcileChildren (M:\\Repo\\wiseresume-74945019\\wiseresume-74945019\\node_modules\\react-dom\\cjs\\react-dom.development.js:19186:28)\n    at mountIndeterminateComponent (M:\\Repo\\wiseresume-74945019\\wiseresume-74945019\\node_modules\\react-dom\\cjs\\react-dom.development.js:20186:5)\n    at beginWork (M:\\Repo\\wiseresume-74945019\\wiseresume-74945019\\node_modules\\react-dom\\cjs\\react-dom.development.js:21626:16)\n    at beginWork$1 (M:\\Repo\\wiseresume-74945019\\wiseresume-74945019\\node_modules\\react-dom\\cjs\\react-dom.development.js:27465:14)\n    at performUnitOfWork (M:\\Repo\\wiseresume-74945019\\wiseresume-74945019\\node_modules\\react-dom\\cjs\\react-dom.development.js:26599:12)\n    at workLoopSync (M:\\Repo\\wiseresume-74945019\\wiseresume-74945019\\node_modules\\react-dom\\cjs\\react-dom.development.js:26505:5)"],"meta":{}},{"ancestorTitles":["SettingsTheme (D10) — theme cycle"],"fullName":"SettingsTheme (D10) — theme cycle calls setTheme('light') when Light button is clicked","status":"failed","title":"calls setTheme('light') when Light button is clicked","duration":14.189699999999903,"failureMessages":["Error: Element type is invalid: expected a string (for built-in components) or a class/function (for composite components) but got: undefined. You likely forgot to export your component from the file it's defined in, or you might have mixed up default and named imports.\n\nCheck the render method of `ThemeIcon`.\n    at createFiberFromTypeAndProps (M:\\Repo\\wiseresume-74945019\\wiseresume-74945019\\node_modules\\react-dom\\cjs\\react-dom.development.js:28478:17)\n    at createFiberFromElement (M:\\Repo\\wiseresume-74945019\\wiseresume-74945019\\node_modules\\react-dom\\cjs\\react-dom.development.js:28504:15)\n    at reconcileSingleElement (M:\\Repo\\wiseresume-74945019\\wiseresume-74945019\\node_modules\\react-dom\\cjs\\react-dom.development.js:13986:23)\n    at reconcileChildFibers (M:\\Repo\\wiseresume-74945019\\wiseresume-74945019\\node_modules\\react-dom\\cjs\\react-dom.development.js:14044:35)\n    at reconcileChildren (M:\\Repo\\wiseresume-74945019\\wiseresume-74945019\\node_modules\\react-dom\\cjs\\react-dom.development.js:19186:28)\n    at mountIndeterminateComponent (M:\\Repo\\wiseresume-74945019\\wiseresume-74945019\\node_modules\\react-dom\\cjs\\react-dom.development.js:20186:5)\n    at beginWork (M:\\Repo\\wiseresume-74945019\\wiseresume-74945019\\node_modules\\react-dom\\cjs\\react-dom.development.js:21626:16)\n    at beginWork$1 (M:\\Repo\\wiseresume-74945019\\wiseresume-74945019\\node_modules\\react-dom\\cjs\\react-dom.development.js:27465:14)\n    at performUnitOfWork (M:\\Repo\\wiseresume-74945019\\wiseresume-74945019\\node_modules\\react-dom\\cjs\\react-dom.development.js:26599:12)\n    at workLoopSync (M:\\Repo\\wiseresume-74945019\\wiseresume-74945019\\node_modules\\react-dom\\cjs\\react-dom.development.js:26505:5)"],"meta":{}},{"ancestorTitles":["SettingsTheme (D10) — theme cycle"],"fullName":"SettingsTheme (D10) — theme cycle does not call setTheme when clicking the already-active theme","status":"failed","title":"does not call setTheme when clicking the already-active theme","duration":15.442900000000009,"failureMessages":["Error: Element type is invalid: expected a string (for built-in components) or a class/function (for composite components) but got: undefined. You likely forgot to export your component from the file it's defined in, or you might have mixed up default and named imports.\n\nCheck the render method of `ThemeIcon`.\n    at createFiberFromTypeAndProps (M:\\Repo\\wiseresume-74945019\\wiseresume-74945019\\node_modules\\react-dom\\cjs\\react-dom.development.js:28478:17)\n    at createFiberFromElement (M:\\Repo\\wiseresume-74945019\\wiseresume-74945019\\node_modules\\react-dom\\cjs\\react-dom.development.js:28504:15)\n    at reconcileSingleElement (M:\\Repo\\wiseresume-74945019\\wiseresume-74945019\\node_modules\\react-dom\\cjs\\react-dom.development.js:13986:23)\n    at reconcileChildFibers (M:\\Repo\\wiseresume-74945019\\wiseresume-74945019\\node_modules\\react-dom\\cjs\\react-dom.development.js:14044:35)\n    at reconcileChildren (M:\\Repo\\wiseresume-74945019\\wiseresume-74945019\\node_modules\\react-dom\\cjs\\react-dom.development.js:19186:28)\n    at mountIndeterminateComponent (M:\\Repo\\wiseresume-74945019\\wiseresume-74945019\\node_modules\\react-dom\\cjs\\react-dom.development.js:20186:5)\n    at beginWork (M:\\Repo\\wiseresume-74945019\\wiseresume-74945019\\node_modules\\react-dom\\cjs\\react-dom.development.js:21626:16)\n    at beginWork$1 (M:\\Repo\\wiseresume-74945019\\wiseresume-74945019\\node_modules\\react-dom\\cjs\\react-dom.development.js:27465:14)\n    at performUnitOfWork (M:\\Repo\\wiseresume-74945019\\wiseresume-74945019\\node_modules\\react-dom\\cjs\\react-dom.development.js:26599:12)\n    at workLoopSync (M:\\Repo\\wiseresume-74945019\\wiseresume-74945019\\node_modules\\react-dom\\cjs\\react-dom.development.js:26505:5)"],"meta":{}}],"startTime":1774368270611,"endTime":1774368270715.4429,"status":"failed","message":"","name":"M:/Repo/wiseresume-74945019/wiseresume-74945019/src/pages/__tests__/SettingsTheme-D10.test.tsx"}]}
